Start testing: Nov 04 21:46 EET
----------------------------------------------------------
Unable to find executable: /home/dinamic/Desktop/MASTERS/cpp/homework-3/gtest-cmake-example/cmake-build-debug/runUnitTests
1/2 Testing: that-test-I-made
1/2 Test: that-test-I-made
Command: ""
Directory: /home/dinamic/Desktop/MASTERS/cpp/homework-3/gtest-cmake-example/cmake-build-debug
"that-test-I-made" start time: 
Output:
----------------------------------------------------------
<end of output>
Test time =   0.00 sec
----------------------------------------------------------
Test Passed.
"that-test-I-made" end time: Nov 04 21:46 EET
"that-test-I-made" time elapsed: 00:00:00
----------------------------------------------------------

Unable to find executable: runUnitTests
2/2 Testing: that-other-test-I-made
2/2 Test: that-other-test-I-made
Command: ""
Directory: /home/dinamic/Desktop/MASTERS/cpp/homework-3/gtest-cmake-example/cmake-build-debug
"that-other-test-I-made" start time: 
Output:
----------------------------------------------------------
<end of output>
Test time =   0.00 sec
----------------------------------------------------------
Test Passed.
"that-other-test-I-made" end time: Nov 04 21:46 EET
"that-other-test-I-made" time elapsed: 00:00:00
----------------------------------------------------------

End testing: Nov 04 21:46 EET
